<?xml version="1.0" encoding="UTF-8"?>
<testsuite xmlns:xsi="http://www.w3.org/2001/XMLSchema-instance" xsi:noNamespaceSchemaLocation="https://maven.apache.org/surefire/maven-surefire-plugin/xsd/surefire-test-report-3.0.xsd" version="3.0" name="testRunner.TestRunner" time="167.703" tests="4" errors="0" skipped="0" failures="0">
  <properties>
[...]
</properties>
  <testcase name="Validate adding and deleting of vacancy" classname="Add a new Vacancy" time="35.061">
    <system-out><![CDATA[
@trail
Scenario Outline: Validate adding and deleting of vacancy                                                                                                         # src/test/java/features/AddVacancy.feature:14
  Given User Logs in with Credentials and Navigates to Recruitment Section                                                                                        # stepDefinition.AddVacancytest.user_logs_in_with_credentials_and_navigates_to_recruitment_section()

    Embedding Validate adding and deleting of vacancy [image/png 142969 bytes]

  When Clicks on Vacancy                                                                                                                                          # stepDefinition.AddVacancytest.clicks_on_vacancy()

    Embedding Validate adding and deleting of vacancy [image/png 147280 bytes]

  And Fills the Job Vacancy form for "QA Lead" position with Hiring Manager as "Radha"                                                                            # stepDefinition.AddVacancytest.fills_the_job_vacancy_form(java.lang.String,java.lang.String)

    Embedding Validate adding and deleting of vacancy [image/png 149313 bytes]

  And Saves the form                                                                                                                                              # stepDefinition.AddVacancytest.saves_the_form()

    Embedding Validate adding and deleting of vacancy [image/png 148358 bytes]

  And Navigates back to Vacancies to see the vacancy table                                                                                                        # stepDefinition.AddVacancytest.navigate_to_vacancytable()

    Embedding Validate adding and deleting of vacancy [image/png 7198 bytes]

  Then The newly added Job Vacancy for "QA Lead" position with Hiring Manager as "Radha" should be visible in the table                                           # stepDefinition.AddVacancytest.Is_jobvacancy_visible_in_vacancytable(java.lang.String,java.lang.String)

    Embedding Validate adding and deleting of vacancy [image/png 169478 bytes]

  Then Delete the newly added vacancy for "QA Lead" position with Hiring Manager as "Radha" and validate if the deleted vacancy is removed from the vacancy table # stepDefinition.AddVacancytest.delete_vacancy(java.lang.String,java.lang.String)

    Embedding Validate adding and deleting of vacancy [image/png 112932 bytes]

]]></system-out>
    <system-err><![CDATA[Sept 13, 2025 3:45:10 PM org.openqa.selenium.devtools.CdpVersionFinder findNearestMatch
WARNING: Unable to find an exact match for CDP version 140, returning the closest version; found: 138; Please update to a Selenium version that supports CDP version 140
]]></system-err>
  </testcase>
  <testcase name="Validate whether user can create duplicate vacancy" classname="Add a new Vacancy" time="27.968">
    <system-out><![CDATA[
@trail
Scenario: Validate whether user can create duplicate vacancy                         # src/test/java/features/AddVacancy.feature:18
  Given User Logs in with Credentials and Navigates to Recruitment Section           # stepDefinition.AddVacancytest.user_logs_in_with_credentials_and_navigates_to_recruitment_section()

    Embedding Validate whether user can create duplicate vacancy [image/png 142969 bytes]

  When Clicks on Vacancy                                                             # stepDefinition.AddVacancytest.clicks_on_vacancy()

    Embedding Validate whether user can create duplicate vacancy [image/png 147280 bytes]

  And Capture an existing vacancy from the vacancy table                             # stepDefinition.AddVacancytest.capture_vacancyname()

    Embedding Validate whether user can create duplicate vacancy [image/png 147280 bytes]

  And Navigates to fill Vacancy form and enters the captured vacancy in vacancy name # stepDefinition.AddVacancytest.navigateto_vacancyform()

    Embedding Validate whether user can create duplicate vacancy [image/png 151187 bytes]

  Then Already exists error message should be displayed under the text box           # stepDefinition.AddVacancytest.duplicatevacancy_check()

    Embedding Validate whether user can create duplicate vacancy [image/png 151202 bytes]

]]></system-out>
    <system-err><![CDATA[Sept 13, 2025 3:45:44 PM org.openqa.selenium.devtools.CdpVersionFinder findNearestMatch
WARNING: Unable to find an exact match for CDP version 140, returning the closest version; found: 138; Please update to a Selenium version that supports CDP version 140
]]></system-err>
  </testcase>
  <testcase name="Validate whether user can search newly added vacancy using vacancy name" classname="Add a new Vacancy" time="37.113">
    <system-out><![CDATA[
@trail
Scenario: Validate whether user can search newly added vacancy using vacancy name                                                                                 # src/test/java/features/AddVacancy.feature:37
  Given User Logs in with Credentials and Navigates to Recruitment Section                                                                                        # stepDefinition.AddVacancytest.user_logs_in_with_credentials_and_navigates_to_recruitment_section()

    Embedding Validate whether user can search newly added vacancy using vacancy name [image/png 142969 bytes]

  When Clicks on Vacancy                                                                                                                                          # stepDefinition.AddVacancytest.clicks_on_vacancy()

    Embedding Validate whether user can search newly added vacancy using vacancy name [image/png 147280 bytes]

  And Fills the Job Vacancy form for "QA Lead" position with Hiring Manager as "Radha"                                                                            # stepDefinition.AddVacancytest.fills_the_job_vacancy_form(java.lang.String,java.lang.String)

    Embedding Validate whether user can search newly added vacancy using vacancy name [image/png 149313 bytes]

  And Saves the form                                                                                                                                              # stepDefinition.AddVacancytest.saves_the_form()

    Embedding Validate whether user can search newly added vacancy using vacancy name [image/png 148358 bytes]

  And Navigates back to Vacancies to see the vacancy table                                                                                                        # stepDefinition.AddVacancytest.navigate_to_vacancytable()

    Embedding Validate whether user can search newly added vacancy using vacancy name [image/png 7198 bytes]

  And Search for the vacancy by vacancy name                                                                                                                      # stepDefinition.AddVacancytest.search_vacancy()

    Embedding Validate whether user can search newly added vacancy using vacancy name [image/png 136061 bytes]

  Then Check if the newly added vacancy is filtered and displayed in the vacancy table                                                                            # stepDefinition.AddVacancytest.search_confirmation()

    Embedding Validate whether user can search newly added vacancy using vacancy name [image/png 136061 bytes]

  Then Delete the newly added vacancy for "QA Lead" position with Hiring Manager as "Radha" and validate if the deleted vacancy is removed from the vacancy table # stepDefinition.AddVacancytest.delete_vacancy(java.lang.String,java.lang.String)

    Embedding Validate whether user can search newly added vacancy using vacancy name [image/png 121131 bytes]

]]></system-out>
    <system-err><![CDATA[Sept 13, 2025 3:46:12 PM org.openqa.selenium.devtools.CdpVersionFinder findNearestMatch
WARNING: Unable to find an exact match for CDP version 140, returning the closest version; found: 138; Please update to a Selenium version that supports CDP version 140
]]></system-err>
  </testcase>
  <testcase name="Validate whether user can edit a Vacancy detail" classname="Add a new Vacancy" time="51.52">
    <system-out><![CDATA[
@smoke
Scenario: Validate whether user can edit a Vacancy detail                                                                                                                    # src/test/java/features/AddVacancy.feature:56
  Given User Logs in with Credentials and Navigates to Recruitment Section                                                                                                   # stepDefinition.AddVacancytest.user_logs_in_with_credentials_and_navigates_to_recruitment_section()

    Embedding Validate whether user can edit a Vacancy detail [image/png 142969 bytes]

  When Clicks on Vacancy                                                                                                                                                     # stepDefinition.AddVacancytest.clicks_on_vacancy()

    Embedding Validate whether user can edit a Vacancy detail [image/png 147280 bytes]

  And Fills the Job Vacancy form for "QA Lead" position with Hiring Manager as "Radha"                                                                                       # stepDefinition.AddVacancytest.fills_the_job_vacancy_form(java.lang.String,java.lang.String)

    Embedding Validate whether user can edit a Vacancy detail [image/png 149313 bytes]

  And Saves the form                                                                                                                                                         # stepDefinition.AddVacancytest.saves_the_form()

    Embedding Validate whether user can edit a Vacancy detail [image/png 148358 bytes]

  And Navigates back to Vacancies to see the vacancy table                                                                                                                   # stepDefinition.AddVacancytest.navigate_to_vacancytable()

    Embedding Validate whether user can edit a Vacancy detail [image/png 7198 bytes]

  And Search for the vacancy by vacancy name                                                                                                                                 # stepDefinition.AddVacancytest.search_vacancy()

    Embedding Validate whether user can edit a Vacancy detail [image/png 136061 bytes]

  And Click on Edit Icon for "QA Lead" position with Hiring Manager as "Radha"                                                                                               # stepDefinition.AddVacancytest.edit_vacancy(java.lang.String,java.lang.String)

    Embedding Validate whether user can edit a Vacancy detail [image/png 7198 bytes]

  And Update the Job title field to "Content Specialist"                                                                                                                     # stepDefinition.AddVacancytest.update_vacancy_form(java.lang.String)

    Embedding Validate whether user can edit a Vacancy detail [image/png 149158 bytes]

  And Saves the form                                                                                                                                                         # stepDefinition.AddVacancytest.saves_the_form()

    Embedding Validate whether user can edit a Vacancy detail [image/png 118044 bytes]

  And Navigates back to Vacancies to see the vacancy table                                                                                                                   # stepDefinition.AddVacancytest.navigate_to_vacancytable()

    Embedding Validate whether user can edit a Vacancy detail [image/png 7198 bytes]

  And Search for the vacancy by vacancy name                                                                                                                                 # stepDefinition.AddVacancytest.search_vacancy()

    Embedding Validate whether user can edit a Vacancy detail [image/png 136268 bytes]

  Then Validate if the Job title is updated for the Vacancy to "Content Specialist"                                                                                          # stepDefinition.AddVacancytest.confirm_vacancy_update(java.lang.String)

    Embedding Validate whether user can edit a Vacancy detail [image/png 136268 bytes]

  Then Delete the newly added vacancy for "Content Specialist" position with Hiring Manager as "Radha" and validate if the deleted vacancy is removed from the vacancy table # stepDefinition.AddVacancytest.delete_vacancy(java.lang.String,java.lang.String)

    Embedding Validate whether user can edit a Vacancy detail [image/png 121096 bytes]

]]></system-out>
    <system-err><![CDATA[Sept 13, 2025 3:46:49 PM org.openqa.selenium.devtools.CdpVersionFinder findNearestMatch
WARNING: Unable to find an exact match for CDP version 140, returning the closest version; found: 138; Please update to a Selenium version that supports CDP version 140
]]></system-err>
  </testcase>
</testsuite>